Arguments: 
  C:\Program Files\nodejs\node.exe C:\Users\jacob\AppData\Roaming\npm\node_modules\yarn\bin\yarn.js

PATH: 
  C:\Program Files\Common Files\Oracle\Java\javapath;C:\Python39\Scripts\;C:\Python39\;C:\Windows\system32;C:\Windows;C:\Windows\System32\Wbem;C:\Windows\System32\WindowsPowerShell\v1.0\;C:\Windows\System32\OpenSSH\;C:\Program Files\NVIDIA Corporation\NVIDIA NvDLISR;C:\Program Files (x86)\Common Files\Acronis\VirtualFile\;C:\Program Files (x86)\Common Files\Acronis\VirtualFile64\;C:\Program Files (x86)\Common Files\Acronis\SnapAPI\;C:\Program Files\swipl\bin;C:\Program Files\nodejs\;C:\ProgramData\chocolatey\bin;;C:\Program Files (x86)\NVIDIA Corporation\PhysX\Common;C:\Program Files\dotnet\;%SystemRoot%\system32;%SystemRoot%;%SystemRoot%\System32\Wbem;%SYSTEMROOT%\System32\WindowsPowerShell\v1.0\;%SYSTEMROOT%\System32\OpenSSH\;D:\Documents\Coding\Anaconda3;D:\Documents\Coding\Anaconda3\Library\mingw-w64\bin;D:\Documents\Coding\Anaconda3\Library\usr\bin;D:\Documents\Coding\Anaconda3\Library\bin;D:\Documents\Coding\Anaconda3\Scripts;C:\Users\jacob\AppData\Local\Microsoft\WindowsApps;C:\Users\jacob\AppData\Local\Programs\Microsoft VS Code\bin;C:\Users\jacob\AppData\Roaming\npm;

Yarn version: 
  1.22.17

Node version: 
  14.15.4

Platform: 
  win32 x64

Trace: 
  SyntaxError: C:\Users\jacob\Documents\Coding\findly_client\package.json: Unexpected string in JSON at position 995
      at JSON.parse (<anonymous>)
      at C:\Users\jacob\AppData\Roaming\npm\node_modules\yarn\lib\cli.js:1625:59
      at Generator.next (<anonymous>)
      at step (C:\Users\jacob\AppData\Roaming\npm\node_modules\yarn\lib\cli.js:310:30)
      at C:\Users\jacob\AppData\Roaming\npm\node_modules\yarn\lib\cli.js:321:13

npm manifest: 
  {
    "name": "findly_client",
    "version": "1.0.0",
    "main": "node_modules/expo/AppEntry.js",
    "scripts": {
      "start": "expo start",
      "android": "expo start --android",
      "ios": "expo start --ios",
      "web": "expo start --web",
      "eject": "expo eject"
    },
    "dependencies": {
      "@expo/vector-icons": "^12.0.5",
      "@react-navigation/bottom-tabs": "^6.1.0",
      "@react-navigation/native": "^6.0.7",
      "@react-navigation/native-stack": "^6.3.0",
      "expo": "~44.0.0",
      "expo-cli": "^5.0.3",
      "expo-linear-gradient": "^11.0.1",
      "expo-secure-store": "^11.1.0",
      "expo-status-bar": "~1.2.0",
      "radio-buttons-react-native": "^1.0.4",
      "react": "17.0.1",
      "react-dom": "17.0.1",
      "react-native": "0.64.3",
      "react-native-elements": "^3.4.2",
      "react-native-linear-gradient": "^2.5.6",
      "react-native-safe-area-context": "^3.3.2",
      "react-native-screens": "^3.10.2",
      "react-native-vector-icons": "^9.0.0",
      "react-native-web": "0.17.1"
      "react-native-gesture-handler": "~2.1.0",
      "styled-components": "^5.3.3"
    },
    "devDependencies": {
      "@babel/core": "^7.12.9"
    },
    "private": true
  }

yarn manifest: 
  No manifest

Lockfile: 
  No lockfile
